1979 01 1 [34.605107]
1979 01 300 [34.93347584]
1979 01 700 [34.78870866]
1979 01 2000 [34.70754802]
1979 01 6000 [34.72372232]
1979 02 1 [34.62082744]
1979 02 300 [34.93384297]
1979 02 700 [34.78861975]
1979 02 2000 [34.70752022]
1979 02 6000 [34.72370965]
1979 03 1 [34.63048303]
1979 03 300 [34.93536522]
1979 03 700 [34.78919825]
1979 03 2000 [34.70777044]
1979 03 6000 [34.72383605]
1979 04 1 [34.63430538]
1979 04 300 [34.93622156]
1979 04 700 [34.78946971]
1979 04 2000 [34.70788537]
1979 04 6000 [34.72389522]
1979 05 1 [34.64183126]
1979 05 300 [34.93696902]
1979 05 700 [34.78987643]
1979 05 2000 [34.70807999]
1979 05 6000 [34.7239873]
1979 06 1 [34.61612331]
1979 06 300 [34.93665344]
1979 06 700 [34.78996532]
1979 06 2000 [34.70807047]
1979 06 6000 [34.72397903]
1979 07 1 [34.55588722]
1979 07 300 [34.93483287]
1979 07 700 [34.78941814]
1979 07 2000 [34.70784339]
1979 07 6000 [34.72386606]
1979 08 1 [34.55191791]
1979 08 300 [34.93405914]
1979 08 700 [34.78929713]
1979 08 2000 [34.70774125]
1979 08 6000 [34.72381712]
1979 09 1 [34.5758657]
1979 09 300 [34.93404014]
1979 09 700 [34.78949217]
1979 09 2000 [34.70776398]
1979 09 6000 [34.72382902]
1979 10 1 [34.59658208]
1979 10 300 [34.9346612]
1979 10 700 [34.78999392]
1979 10 2000 [34.70791684]
1979 10 6000 [34.72390081]
1979 11 1 [34.62285639]
1979 11 300 [34.93626656]
1979 11 700 [34.79077491]
1979 11 2000 [34.70818989]
1979 11 6000 [34.72403227]
1979 12 1 [34.63240342]
1979 12 300 [34.93708081]
1979 12 700 [34.79107593]
1979 12 2000 [34.7083362]
1979 12 6000 [34.72410382]
1980 01 1 [34.63284794]
1980 01 300 [34.93712175]
1980 01 700 [34.79080668]
1980 01 2000 [34.70829897]
1980 01 6000 [34.72408751]
1980 02 1 [34.64212432]
1980 02 300 [34.9386265]
1980 02 700 [34.79117471]
1980 02 2000 [34.70847767]
1980 02 6000 [34.72417692]
1980 03 1 [34.6404577]
1980 03 300 [34.94017422]
1980 03 700 [34.79184348]
1980 03 2000 [34.70867202]
1980 03 6000 [34.72427]
1980 04 1 [34.63531739]
1980 04 300 [34.94124355]
1980 04 700 [34.79234785]
1980 04 2000 [34.70876617]
1980 04 6000 [34.72431208]
1980 05 1 [34.63138309]
1980 05 300 [34.94138945]
1980 05 700 [34.79253167]
1980 05 2000 [34.70874782]
1980 05 6000 [34.72430949]
1980 06 1 [34.61014308]
1980 06 300 [34.94135022]
1980 06 700 [34.79276157]
1980 06 2000 [34.70877056]
1980 06 6000 [34.72432629]
1980 07 1 [34.5508017]
1980 07 300 [34.93975368]
1980 07 700 [34.79233854]
1980 07 2000 [34.70862518]
1980 07 6000 [34.72425819]
1980 08 1 [34.55111585]
1980 08 300 [34.93837579]
1980 08 700 [34.79213675]
1980 08 2000 [34.70858228]
1980 08 6000 [34.72425016]
1980 09 1 [34.56743491]
1980 09 300 [34.93812283]
1980 09 700 [34.79244659]
1980 09 2000 [34.70868931]
1980 09 6000 [34.7243074]
1980 10 1 [34.58842387]
1980 10 300 [34.93890124]
1980 10 700 [34.79302452]
1980 10 2000 [34.70889095]
1980 10 6000 [34.72440479]
1980 11 1 [34.60492009]
1980 11 300 [34.94013499]
1980 11 700 [34.79366841]
1980 11 2000 [34.70911061]
1980 11 6000 [34.7245084]
1980 12 1 [34.6142886]
1980 12 300 [34.94146238]
1980 12 700 [34.79425443]
1980 12 2000 [34.7093637]
1980 12 6000 [34.7246318]
1981 01 1 [34.62543303]
1981 01 300 [34.94221003]
1981 01 700 [34.79440868]
1981 01 2000 [34.70944534]
1981 01 6000 [34.72467229]
1981 02 1 [34.6352249]
1981 02 300 [34.94467044]
1981 02 700 [34.79529819]
1981 02 2000 [34.70979671]
1981 02 6000 [34.72483814]
1981 03 1 [34.64186294]
1981 03 300 [34.9468003]
1981 03 700 [34.79600187]
1981 03 2000 [34.71001421]
1981 03 6000 [34.7249487]
1981 04 1 [34.64187738]
1981 04 300 [34.94754807]
1981 04 700 [34.79644051]
1981 04 2000 [34.71013587]
1981 04 6000 [34.72500828]
1981 05 1 [34.63940208]
1981 05 300 [34.94779517]
1981 05 700 [34.79655607]
1981 05 2000 [34.71014524]
1981 05 6000 [34.72501666]
1981 06 1 [34.61146896]
1981 06 300 [34.94768826]
1981 06 700 [34.79664082]
1981 06 2000 [34.71019214]
1981 06 6000 [34.7250542]
1981 07 1 [34.55627415]
1981 07 300 [34.94620598]
1981 07 700 [34.79628409]
1981 07 2000 [34.71007841]
1981 07 6000 [34.72500944]
1981 08 1 [34.55720429]
1981 08 300 [34.9450986]
1981 08 700 [34.79600202]
1981 08 2000 [34.70995253]
1981 08 6000 [34.72494927]
1981 09 1 [34.57466646]
1981 09 300 [34.9450238]
1981 09 700 [34.79624048]
1981 09 2000 [34.71003175]
1981 09 6000 [34.72499067]
1981 10 1 [34.5938682]
1981 10 300 [34.94560956]
1981 10 700 [34.79676194]
1981 10 2000 [34.71023314]
1981 10 6000 [34.72508893]
1981 11 1 [34.62573034]
1981 11 300 [34.94752429]
1981 11 700 [34.79757199]
1981 11 2000 [34.7104754]
1981 11 6000 [34.72520387]
1981 12 1 [34.63059699]
1981 12 300 [34.94879671]
1981 12 700 [34.79801656]
1981 12 2000 [34.71063484]
1981 12 6000 [34.72528354]
1982 01 1 [34.61974514]
1982 01 300 [34.94871737]
1982 01 700 [34.79790886]
1982 01 2000 [34.71067632]
1982 01 6000 [34.72530791]
1982 02 1 [34.62873979]
1982 02 300 [34.9499909]
1982 02 700 [34.79843089]
1982 02 2000 [34.71094601]
1982 02 6000 [34.72543959]
1982 03 1 [34.63466009]
1982 03 300 [34.95169583]
1982 03 700 [34.79919868]
1982 03 2000 [34.71124951]
1982 03 6000 [34.72559044]
1982 04 1 [34.63324497]
1982 04 300 [34.95352933]
1982 04 700 [34.80000155]
1982 04 2000 [34.71151073]
1982 04 6000 [34.72571988]
1982 05 1 [34.63826117]
1982 05 300 [34.95412897]
1982 05 700 [34.80025168]
1982 05 2000 [34.71156006]
1982 05 6000 [34.72574892]
1982 06 1 [34.6194393]
1982 06 300 [34.95392088]
1982 06 700 [34.80034591]
1982 06 2000 [34.71154314]
1982 06 6000 [34.72574355]
1982 07 1 [34.56961989]
1982 07 300 [34.95184753]
1982 07 700 [34.79974356]
1982 07 2000 [34.71127997]
1982 07 6000 [34.72561822]
1982 08 1 [34.55843597]
1982 08 300 [34.95059982]
1982 08 700 [34.79956255]
1982 08 2000 [34.71121339]
1982 08 6000 [34.72558587]
1982 09 1 [34.5776468]
1982 09 300 [34.95089208]
1982 09 700 [34.80000405]
1982 09 2000 [34.71136785]
1982 09 6000 [34.72566009]
1982 10 1 [34.59567151]
1982 10 300 [34.95174219]
1982 10 700 [34.80068654]
1982 10 2000 [34.71164469]
1982 10 6000 [34.7257916]
1982 11 1 [34.62906685]
1982 11 300 [34.95401569]
1982 11 700 [34.80185754]
1982 11 2000 [34.71207187]
1982 11 6000 [34.7259988]
1982 12 1 [34.64127809]
1982 12 300 [34.95491241]
1982 12 700 [34.80218678]
1982 12 2000 [34.71213617]
1982 12 6000 [34.72602654]
1983 01 1 [34.64555627]
1983 01 300 [34.95539871]
1983 01 700 [34.80212477]
1983 01 2000 [34.71206624]
1983 01 6000 [34.72598099]
1983 02 1 [34.65643214]
1983 02 300 [34.95698835]
1983 02 700 [34.80259592]
1983 02 2000 [34.71218485]
1983 02 6000 [34.72600307]
1983 03 1 [34.66946202]
1983 03 300 [34.95874935]
1983 03 700 [34.80312087]
1983 03 2000 [34.71232305]
1983 03 6000 [34.72604672]
1983 04 1 [34.6714422]
1983 04 300 [34.95950534]
1983 04 700 [34.80324524]
1983 04 2000 [34.71232721]
1983 04 6000 [34.72604023]
1983 05 1 [34.67594797]
1983 05 300 [34.95944948]
1983 05 700 [34.80322952]
1983 05 2000 [34.71221951]
1983 05 6000 [34.72598496]
1983 06 1 [34.65505427]
1983 06 300 [34.95931282]
1983 06 700 [34.80333557]
1983 06 2000 [34.71221713]
1983 06 6000 [34.72599064]
1983 07 1 [34.60045986]
1983 07 300 [34.95744131]
1983 07 700 [34.80267773]
1983 07 2000 [34.71192867]
1983 07 6000 [34.72585163]
1983 08 1 [34.58881471]
1983 08 300 [34.95605429]
1983 08 700 [34.80224033]
1983 08 2000 [34.71170539]
1983 08 6000 [34.72574531]
1983 09 1 [34.6086716]
1983 09 300 [34.95559648]
1983 09 700 [34.80230359]
1983 09 2000 [34.71170093]
1983 09 6000 [34.72574379]
1983 10 1 [34.63434635]
1983 10 300 [34.95616948]
1983 10 700 [34.8027549]
1983 10 2000 [34.71179474]
1983 10 6000 [34.72577462]
1983 11 1 [34.65967534]
1983 11 300 [34.95740529]
1983 11 700 [34.80317615]
1983 11 2000 [34.71189546]
1983 11 6000 [34.72580501]
1983 12 1 [34.66369812]
1983 12 300 [34.95791972]
1983 12 700 [34.80318707]
1983 12 2000 [34.71190699]
1983 12 6000 [34.72580898]
1984 01 1 [34.65952418]
1984 01 300 [34.95855299]
1984 01 700 [34.80324213]
1984 01 2000 [34.71197485]
1984 01 6000 [34.72583924]
1984 02 1 [34.67074317]
1984 02 300 [34.95996914]
1984 02 700 [34.80372097]
1984 02 2000 [34.71213034]
1984 02 6000 [34.72591121]
1984 03 1 [34.67399172]
1984 03 300 [34.96099278]
1984 03 700 [34.80386676]
1984 03 2000 [34.71195471]
1984 03 6000 [34.72582212]
1984 04 1 [34.67115275]
1984 04 300 [34.96181229]
1984 04 700 [34.8042267]
1984 04 2000 [34.7120135]
1984 04 6000 [34.72584387]
1984 05 1 [34.67342921]
1984 05 300 [34.9620207]
1984 05 700 [34.80442595]
1984 05 2000 [34.71204654]
1984 05 6000 [34.72585524]
1984 06 1 [34.6557425]
1984 06 300 [34.96155774]
1984 06 700 [34.80432831]
1984 06 2000 [34.71198225]
1984 06 6000 [34.72582227]
1984 07 1 [34.60233654]
1984 07 300 [34.9595145]
1984 07 700 [34.8036145]
1984 07 2000 [34.71171411]
1984 07 6000 [34.72569204]
1984 08 1 [34.59715358]
1984 08 300 [34.95823997]
1984 08 700 [34.80324428]
1984 08 2000 [34.71159362]
1984 08 6000 [34.72565749]
1984 09 1 [34.6160776]
1984 09 300 [34.95819088]
1984 09 700 [34.80340322]
1984 09 2000 [34.71166883]
1984 09 6000 [34.72572271]
1984 10 1 [34.64255827]
1984 10 300 [34.9589351]
1984 10 700 [34.80384524]
1984 10 2000 [34.71180411]
1984 10 6000 [34.72579031]
1984 11 1 [34.65931945]
1984 11 300 [34.96013002]
1984 11 700 [34.80439124]
1984 11 2000 [34.7120142]
1984 11 6000 [34.72588837]
1984 12 1 [34.66448595]
1984 12 300 [34.96065262]
1984 12 700 [34.80466534]
1984 12 2000 [34.71212336]
1984 12 6000 [34.72593624]
1985 01 1 [34.66292637]
1985 01 300 [34.96072998]
1985 01 700 [34.80463676]
1985 01 2000 [34.71216311]
1985 01 6000 [34.72595321]
1985 02 1 [34.67041252]
1985 02 300 [34.96221841]
1985 02 700 [34.80531232]
1985 02 2000 [34.71245704]
1985 02 6000 [34.72609185]
1985 03 1 [34.68395924]
1985 03 300 [34.96374706]
1985 03 700 [34.80586791]
1985 03 2000 [34.7126119]
1985 03 6000 [34.72616072]
1985 04 1 [34.68510602]
1985 04 300 [34.96461717]
1985 04 700 [34.80632815]
1985 04 2000 [34.71271397]
1985 04 6000 [34.72620992]
1985 05 1 [34.67958131]
1985 05 300 [34.96458935]
1985 05 700 [34.80622275]
1985 05 2000 [34.71265766]
1985 05 6000 [34.72617407]
1985 06 1 [34.65273216]
1985 06 300 [34.96410258]
1985 06 700 [34.8060189]
1985 06 2000 [34.71252148]
1985 06 6000 [34.72610571]
1985 07 1 [34.59822215]
1985 07 300 [34.96190464]
1985 07 700 [34.80516787]
1985 07 2000 [34.71223984]
1985 07 6000 [34.72596967]
1985 08 1 [34.59343007]
1985 08 300 [34.96048894]
1985 08 700 [34.8048952]
1985 08 2000 [34.71218166]
1985 08 6000 [34.72594387]
1985 09 1 [34.61600337]
1985 09 300 [34.96032062]
1985 09 700 [34.80507791]
1985 09 2000 [34.71222035]
1985 09 6000 [34.72596243]
1985 10 1 [34.64104594]
1985 10 300 [34.96100704]
1985 10 700 [34.80552815]
1985 10 2000 [34.71233345]
1985 10 6000 [34.72600998]
1985 11 1 [34.66067912]
1985 11 300 [34.96240609]
1985 11 700 [34.80604844]
1985 11 2000 [34.71251548]
1985 11 6000 [34.72609869]
1985 12 1 [34.66731119]
1985 12 300 [34.96296928]
1985 12 700 [34.80624788]
1985 12 2000 [34.71258301]
1985 12 6000 [34.72613332]
1986 01 1 [34.66774431]
1986 01 300 [34.96221807]
1986 01 700 [34.80601157]
1986 01 2000 [34.71254936]
1986 01 6000 [34.72611821]
1986 02 1 [34.67372115]
1986 02 300 [34.96326551]
1986 02 700 [34.80629552]
1986 02 2000 [34.71268371]
1986 02 6000 [34.72617999]
1986 03 1 [34.67825116]
1986 03 300 [34.96447161]
1986 03 700 [34.80676587]
1986 03 2000 [34.71289254]
1986 03 6000 [34.72628141]
1986 04 1 [34.6776971]
1986 04 300 [34.96520651]
1986 04 700 [34.80720625]
1986 04 2000 [34.71323753]
1986 04 6000 [34.72646543]
1986 05 1 [34.67818232]
1986 05 300 [34.96511954]
1986 05 700 [34.80727086]
1986 05 2000 [34.71327427]
1986 05 6000 [34.7264958]
1986 06 1 [34.65648559]
1986 06 300 [34.96481671]
1986 06 700 [34.80719236]
1986 06 2000 [34.71319408]
1986 06 6000 [34.72645756]
1986 07 1 [34.60411711]
1986 07 300 [34.9628778]
1986 07 700 [34.8063381]
1986 07 2000 [34.71281142]
1986 07 6000 [34.72627203]
1986 08 1 [34.60119703]
1986 08 300 [34.96137761]
1986 08 700 [34.8056975]
1986 08 2000 [34.71248953]
1986 08 6000 [34.72611576]
1986 09 1 [34.62025262]
1986 09 300 [34.96145708]
1986 09 700 [34.80602947]
1986 09 2000 [34.71276293]
1986 09 6000 [34.72624665]
1986 10 1 [34.63950592]
1986 10 300 [34.96199126]
1986 10 700 [34.80636114]
1986 10 2000 [34.7128723]
1986 10 6000 [34.72630005]
1986 11 1 [34.65801977]
1986 11 300 [34.96284474]
1986 11 700 [34.80672896]
1986 11 2000 [34.71297436]
1986 11 6000 [34.72634984]
1986 12 1 [34.65691164]
1986 12 300 [34.96268751]
1986 12 700 [34.80667957]
1986 12 2000 [34.71293373]
1986 12 6000 [34.72632798]
1987 01 1 [34.65625593]
1987 01 300 [34.96262232]
1987 01 700 [34.80663461]
1987 01 2000 [34.71297303]
1987 01 6000 [34.72633423]
1987 02 1 [34.67388935]
1987 02 300 [34.96439571]
1987 02 700 [34.80743327]
1987 02 2000 [34.713268]
1987 02 6000 [34.72647614]
1987 03 1 [34.67432339]
1987 03 300 [34.96616098]
1987 03 700 [34.80801003]
1987 03 2000 [34.71340383]
1987 03 6000 [34.72653994]
1987 04 1 [34.67352598]
1987 04 300 [34.96697538]
1987 04 700 [34.80817554]
1987 04 2000 [34.71341225]
1987 04 6000 [34.7265332]
1987 05 1 [34.6649959]
1987 05 300 [34.96596611]
1987 05 700 [34.80777443]
1987 05 2000 [34.71323359]
1987 05 6000 [34.72643498]
1987 06 1 [34.63966373]
1987 06 300 [34.96458734]
1987 06 700 [34.80727507]
1987 06 2000 [34.71309999]
1987 06 6000 [34.72637553]
1987 07 1 [34.5880912]
1987 07 300 [34.96210193]
1987 07 700 [34.80639975]
1987 07 2000 [34.71286014]
1987 07 6000 [34.72627277]
1987 08 1 [34.57870319]
1987 08 300 [34.96021793]
1987 08 700 [34.80593841]
1987 08 2000 [34.71281166]
1987 08 6000 [34.72626029]
1987 09 1 [34.603103]
1987 09 300 [34.96001031]
1987 09 700 [34.80605657]
1987 09 2000 [34.71281298]
1987 09 6000 [34.72625857]
1987 10 1 [34.62170662]
1987 10 300 [34.96060316]
1987 10 700 [34.80639102]
1987 10 2000 [34.71288894]
1987 10 6000 [34.72629348]
1987 11 1 [34.64726781]
1987 11 300 [34.96221324]
1987 11 700 [34.80710267]
1987 11 2000 [34.71310938]
1987 11 6000 [34.72640199]
1987 12 1 [34.65498761]
1987 12 300 [34.96326716]
1987 12 700 [34.80736864]
1987 12 2000 [34.71308196]
1987 12 6000 [34.72635351]
1988 01 1 [34.65060891]
1988 01 300 [34.96274671]
1988 01 700 [34.80696899]
1988 01 2000 [34.71293036]
1988 01 6000 [34.72626281]
1988 02 1 [34.65886663]
1988 02 300 [34.96331781]
1988 02 700 [34.80713819]
1988 02 2000 [34.71301899]
1988 02 6000 [34.72629972]
1988 03 1 [34.67070858]
1988 03 300 [34.96486966]
1988 03 700 [34.80748171]
1988 03 2000 [34.71311948]
1988 03 6000 [34.7263432]
1988 04 1 [34.67141443]
1988 04 300 [34.96556405]
1988 04 700 [34.80753287]
1988 04 2000 [34.71314441]
1988 04 6000 [34.72635242]
1988 05 1 [34.66935222]
1988 05 300 [34.96515496]
1988 05 700 [34.80738464]
1988 05 2000 [34.71310232]
1988 05 6000 [34.72632284]
1988 06 1 [34.64199689]
1988 06 300 [34.96386044]
1988 06 700 [34.80703275]
1988 06 2000 [34.71296512]
1988 06 6000 [34.72623255]
1988 07 1 [34.58038146]
1988 07 300 [34.96083777]
1988 07 700 [34.80602084]
1988 07 2000 [34.7125489]
1988 07 6000 [34.7260163]
1988 08 1 [34.57442964]
1988 08 300 [34.9594906]
1988 08 700 [34.80559599]
1988 08 2000 [34.71233285]
1988 08 6000 [34.72589795]
1988 09 1 [34.59093017]
1988 09 300 [34.95882731]
1988 09 700 [34.80555414]
1988 09 2000 [34.71225528]
1988 09 6000 [34.72583892]
1988 10 1 [34.6134918]
1988 10 300 [34.95897535]
1988 10 700 [34.80583653]
1988 10 2000 [34.71239213]
1988 10 6000 [34.72590354]
1988 11 1 [34.62886126]
1988 11 300 [34.95975187]
1988 11 700 [34.80630841]
1988 11 2000 [34.71259525]
1988 11 6000 [34.72599271]
1988 12 1 [34.6369555]
1988 12 300 [34.95993268]
1988 12 700 [34.80627678]
1988 12 2000 [34.71262238]
1988 12 6000 [34.72599852]
1989 01 1 [34.63203511]
1989 01 300 [34.95895867]
1989 01 700 [34.80569864]
1989 01 2000 [34.71246954]
1989 01 6000 [34.72592767]
1989 02 1 [34.64985968]
1989 02 300 [34.95985803]
1989 02 700 [34.80602848]
1989 02 2000 [34.71266603]
1989 02 6000 [34.72602829]
1989 03 1 [34.65656531]
1989 03 300 [34.96111092]
1989 03 700 [34.80651085]
1989 03 2000 [34.71286755]
1989 03 6000 [34.72612715]
1989 04 1 [34.65679804]
1989 04 300 [34.96155791]
1989 04 700 [34.80673532]
1989 04 2000 [34.71288766]
1989 04 6000 [34.72611101]
1989 05 1 [34.65924252]
1989 05 300 [34.96197606]
1989 05 700 [34.80698238]
1989 05 2000 [34.71296369]
1989 05 6000 [34.7261342]
1989 06 1 [34.64527681]
1989 06 300 [34.96149564]
1989 06 700 [34.80688271]
1989 06 2000 [34.71290267]
1989 06 6000 [34.72609687]
1989 07 1 [34.5949917]
1989 07 300 [34.95954081]
1989 07 700 [34.80626461]
1989 07 2000 [34.71262503]
1989 07 6000 [34.72595816]
1989 08 1 [34.58034945]
1989 08 300 [34.95890264]
1989 08 700 [34.8060746]
1989 08 2000 [34.71251519]
1989 08 6000 [34.72590055]
1989 09 1 [34.59545551]
1989 09 300 [34.95875021]
1989 09 700 [34.80622697]
1989 09 2000 [34.712557]
1989 09 6000 [34.72591205]
1989 10 1 [34.61509955]
1989 10 300 [34.95868355]
1989 10 700 [34.80633177]
1989 10 2000 [34.71259473]
1989 10 6000 [34.72591904]
1989 11 1 [34.63724847]
1989 11 300 [34.95989902]
1989 11 700 [34.80670474]
1989 11 2000 [34.71265601]
1989 11 6000 [34.72593965]
1989 12 1 [34.64231212]
1989 12 300 [34.96021465]
1989 12 700 [34.80670301]
1989 12 2000 [34.71266682]
1989 12 6000 [34.72593844]
1990 01 1 [34.6441955]
1990 01 300 [34.95936349]
1990 01 700 [34.80633924]
1990 01 2000 [34.71260237]
1990 01 6000 [34.72590364]
1990 02 1 [34.65842348]
1990 02 300 [34.96034333]
1990 02 700 [34.80668808]
1990 02 2000 [34.71276937]
1990 02 6000 [34.72597801]
1990 03 1 [34.66972337]
1990 03 300 [34.96195947]
1990 03 700 [34.80716402]
1990 03 2000 [34.71290198]
1990 03 6000 [34.72603236]
1990 04 1 [34.66948624]
1990 04 300 [34.96295352]
1990 04 700 [34.80747029]
1990 04 2000 [34.71295952]
1990 04 6000 [34.72605202]
1990 05 1 [34.66706065]
1990 05 300 [34.9625588]
1990 05 700 [34.80721808]
1990 05 2000 [34.712829]
1990 05 6000 [34.72598207]
1990 06 1 [34.63531195]
1990 06 300 [34.96122933]
1990 06 700 [34.80686838]
1990 06 2000 [34.71267402]
1990 06 6000 [34.72589957]
1990 07 1 [34.57987901]
1990 07 300 [34.959126]
1990 07 700 [34.80618504]
1990 07 2000 [34.71240396]
1990 07 6000 [34.72575991]
1990 08 1 [34.58158941]
1990 08 300 [34.9578149]
1990 08 700 [34.80595532]
1990 08 2000 [34.71227049]
1990 08 6000 [34.72568862]
1990 09 1 [34.59400341]
1990 09 300 [34.95768998]
1990 09 700 [34.80611745]
1990 09 2000 [34.71228243]
1990 09 6000 [34.72568993]
1990 10 1 [34.60980229]
1990 10 300 [34.95831153]
1990 10 700 [34.80655452]
1990 10 2000 [34.71239515]
1990 10 6000 [34.72573191]
1990 11 1 [34.6334403]
1990 11 300 [34.9594107]
1990 11 700 [34.8070816]
1990 11 2000 [34.71254705]
1990 11 6000 [34.72578872]
1990 12 1 [34.64144169]
1990 12 300 [34.95943207]
1990 12 700 [34.80699318]
1990 12 2000 [34.71251497]
1990 12 6000 [34.72576089]
1991 01 1 [34.63602584]
1991 01 300 [34.95887133]
1991 01 700 [34.80667562]
1991 01 2000 [34.71250731]
1991 01 6000 [34.72575179]
1991 02 1 [34.64995082]
1991 02 300 [34.95987583]
1991 02 700 [34.80696013]
1991 02 2000 [34.71268273]
1991 02 6000 [34.7258369]
1991 03 1 [34.65110616]
1991 03 300 [34.96147221]
1991 03 700 [34.80759855]
1991 03 2000 [34.71292498]
1991 03 6000 [34.72594996]
1991 04 1 [34.65011472]
1991 04 300 [34.96254525]
1991 04 700 [34.80805867]
1991 04 2000 [34.71308216]
1991 04 6000 [34.72602221]
1991 05 1 [34.65010889]
1991 05 300 [34.96251829]
1991 05 700 [34.80809127]
1991 05 2000 [34.71306332]
1991 05 6000 [34.7260098]
1991 06 1 [34.62281651]
1991 06 300 [34.96167131]
1991 06 700 [34.80777998]
1991 06 2000 [34.71289775]
1991 06 6000 [34.72591809]
1991 07 1 [34.57764332]
1991 07 300 [34.95949896]
1991 07 700 [34.80702545]
1991 07 2000 [34.71258412]
1991 07 6000 [34.72575641]
1991 08 1 [34.5709593]
1991 08 300 [34.95798668]
1991 08 700 [34.80670336]
1991 08 2000 [34.71239256]
1991 08 6000 [34.72565031]
1991 09 1 [34.58540495]
1991 09 300 [34.95784059]
1991 09 700 [34.80692293]
1991 09 2000 [34.71237784]
1991 09 6000 [34.72562802]
1991 10 1 [34.60203881]
1991 10 300 [34.9578242]
1991 10 700 [34.80713525]
1991 10 2000 [34.71243105]
1991 10 6000 [34.7256397]
1991 11 1 [34.62884683]
1991 11 300 [34.95896716]
1991 11 700 [34.80754049]
1991 11 2000 [34.712523]
1991 11 6000 [34.72567603]
1991 12 1 [34.64056995]
1991 12 300 [34.95979692]
1991 12 700 [34.80785119]
1991 12 2000 [34.71264921]
1991 12 6000 [34.72573108]
1992 01 1 [34.64429692]
1992 01 300 [34.95997939]
1992 01 700 [34.80768587]
1992 01 2000 [34.71263463]
1992 01 6000 [34.72571745]
1992 02 1 [34.65886288]
1992 02 300 [34.96158544]
1992 02 700 [34.80818058]
1992 02 2000 [34.71287467]
1992 02 6000 [34.72582548]
1992 03 1 [34.66989473]
1992 03 300 [34.96278677]
1992 03 700 [34.80842507]
1992 03 2000 [34.71302017]
1992 03 6000 [34.72588865]
1992 04 1 [34.6679824]
1992 04 300 [34.9634853]
1992 04 700 [34.80851014]
1992 04 2000 [34.71304079]
1992 04 6000 [34.72589671]
1992 05 1 [34.66847765]
1992 05 300 [34.96399985]
1992 05 700 [34.80863552]
1992 05 2000 [34.71309985]
1992 05 6000 [34.72591861]
1992 06 1 [34.64971029]
1992 06 300 [34.96372368]
1992 06 700 [34.80864981]
1992 06 2000 [34.71308381]
1992 06 6000 [34.72590423]
1992 07 1 [34.59914357]
1992 07 300 [34.96150672]
1992 07 700 [34.80802292]
1992 07 2000 [34.71285968]
1992 07 6000 [34.72578735]
1992 08 1 [34.59474826]
1992 08 300 [34.96010061]
1992 08 700 [34.80773842]
1992 08 2000 [34.71265971]
1992 08 6000 [34.72568378]
1992 09 1 [34.61188986]
1992 09 300 [34.96022818]
1992 09 700 [34.80805017]
1992 09 2000 [34.71272144]
1992 09 6000 [34.72570786]
1992 10 1 [34.63212897]
1992 10 300 [34.96094085]
1992 10 700 [34.80851398]
1992 10 2000 [34.71280236]
1992 10 6000 [34.72571923]
1992 11 1 [34.65243386]
1992 11 300 [34.9616533]
1992 11 700 [34.80894152]
1992 11 2000 [34.7129389]
1992 11 6000 [34.72576929]
1992 12 1 [34.65205985]
1992 12 300 [34.96120832]
1992 12 700 [34.80868611]
1992 12 2000 [34.71287526]
1992 12 6000 [34.72572679]
1993 01 1 [34.6568413]
1993 01 300 [34.96157815]
1993 01 700 [34.80862231]
1993 01 2000 [34.71292001]
1993 01 6000 [34.7257432]
1993 02 1 [34.67299668]
1993 02 300 [34.96325872]
1993 02 700 [34.80925884]
1993 02 2000 [34.71319082]
1993 02 6000 [34.72586403]
1993 03 1 [34.67425307]
1993 03 300 [34.96457569]
1993 03 700 [34.80961723]
1993 03 2000 [34.71329847]
1993 03 6000 [34.72590307]
1993 04 1 [34.67510125]
1993 04 300 [34.96591975]
1993 04 700 [34.81005987]
1993 04 2000 [34.71345662]
1993 04 6000 [34.72597523]
1993 05 1 [34.66892742]
1993 05 300 [34.9665814]
1993 05 700 [34.81034774]
1993 05 2000 [34.71352171]
1993 05 6000 [34.72599988]
1993 06 1 [34.63524152]
1993 06 300 [34.96595478]
1993 06 700 [34.81017108]
1993 06 2000 [34.71344712]
1993 06 6000 [34.72595906]
1993 07 1 [34.58326392]
1993 07 300 [34.96385144]
1993 07 700 [34.80948432]
1993 07 2000 [34.71314038]
1993 07 6000 [34.72580077]
1993 08 1 [34.58434274]
1993 08 300 [34.96353578]
1993 08 700 [34.80957622]
1993 08 2000 [34.7131393]
1993 08 6000 [34.72578213]
1993 09 1 [34.59695391]
1993 09 300 [34.96363638]
1993 09 700 [34.8098266]
1993 09 2000 [34.71321748]
1993 09 6000 [34.7258095]
1993 10 1 [34.61298238]
1993 10 300 [34.96354768]
1993 10 700 [34.80994072]
1993 10 2000 [34.71328293]
1993 10 6000 [34.72583449]
1993 11 1 [34.63045952]
1993 11 300 [34.96372781]
1993 11 700 [34.81015278]
1993 11 2000 [34.71337632]
1993 11 6000 [34.72587116]
1993 12 1 [34.63517215]
1993 12 300 [34.96449555]
1993 12 700 [34.81046863]
1993 12 2000 [34.71348704]
1993 12 6000 [34.72591689]
1994 01 1 [34.63874821]
1994 01 300 [34.96559913]
1994 01 700 [34.8109246]
1994 01 2000 [34.71370714]
1994 01 6000 [34.72602202]
1994 02 1 [34.65167776]
1994 02 300 [34.96743929]
1994 02 700 [34.81170821]
1994 02 2000 [34.71406095]
1994 02 6000 [34.72618945]
1994 03 1 [34.65691131]
1994 03 300 [34.96887619]
1994 03 700 [34.81221755]
1994 03 2000 [34.71427519]
1994 03 6000 [34.72628947]
1994 04 1 [34.66172055]
1994 04 300 [34.969891]
1994 04 700 [34.81276707]
1994 04 2000 [34.71446226]
1994 04 6000 [34.72636942]
1994 05 1 [34.66209467]
1994 05 300 [34.97082966]
1994 05 700 [34.81330465]
1994 05 2000 [34.71462842]
1994 05 6000 [34.72643719]
1994 06 1 [34.64037524]
1994 06 300 [34.97002691]
1994 06 700 [34.81310247]
1994 06 2000 [34.71451808]
1994 06 6000 [34.72637871]
1994 07 1 [34.58392878]
1994 07 300 [34.96777028]
1994 07 700 [34.81245857]
1994 07 2000 [34.71428532]
1994 07 6000 [34.72625761]
1994 08 1 [34.58122132]
1994 08 300 [34.96721704]
1994 08 700 [34.8125575]
1994 08 2000 [34.71428972]
1994 08 6000 [34.7262541]
1994 09 1 [34.59619589]
1994 09 300 [34.96755821]
1994 09 700 [34.81285686]
1994 09 2000 [34.7144171]
1994 09 6000 [34.72630834]
1994 10 1 [34.61085273]
1994 10 300 [34.96752144]
1994 10 700 [34.81288682]
1994 10 2000 [34.71445162]
1994 10 6000 [34.7263188]
1994 11 1 [34.62295988]
1994 11 300 [34.96838527]
1994 11 700 [34.81318959]
1994 11 2000 [34.7145524]
1994 11 6000 [34.72635605]
1994 12 1 [34.63279679]
1994 12 300 [34.96896083]
1994 12 700 [34.81330053]
1994 12 2000 [34.71463037]
1994 12 6000 [34.72638548]
1995 01 1 [34.63850727]
1995 01 300 [34.97010962]
1995 01 700 [34.81365743]
1995 01 2000 [34.71478761]
1995 01 6000 [34.72645597]
1995 02 1 [34.65223254]
1995 02 300 [34.97116361]
1995 02 700 [34.81387211]
1995 02 2000 [34.71492684]
1995 02 6000 [34.72651755]
1995 03 1 [34.66219004]
1995 03 300 [34.97254017]
1995 03 700 [34.81417232]
1995 03 2000 [34.71509636]
1995 03 6000 [34.72659315]
1995 04 1 [34.66581748]
1995 04 300 [34.97447197]
1995 04 700 [34.81472159]
1995 04 2000 [34.71529446]
1995 04 6000 [34.7266899]
1995 05 1 [34.65935584]
1995 05 300 [34.97551117]
1995 05 700 [34.81500838]
1995 05 2000 [34.71537047]
1995 05 6000 [34.72672318]
1995 06 1 [34.62666635]
1995 06 300 [34.97478954]
1995 06 700 [34.81472422]
1995 06 2000 [34.71523115]
1995 06 6000 [34.72665094]
1995 07 1 [34.58558195]
1995 07 300 [34.97270648]
1995 07 700 [34.81409481]
1995 07 2000 [34.71496725]
1995 07 6000 [34.72651314]
1995 08 1 [34.58122897]
1995 08 300 [34.97092228]
1995 08 700 [34.81372677]
1995 08 2000 [34.71485128]
1995 08 6000 [34.72645286]
1995 09 1 [34.59330612]
1995 09 300 [34.97001987]
1995 09 700 [34.81363677]
1995 09 2000 [34.71478787]
1995 09 6000 [34.72641811]
1995 10 1 [34.60898219]
1995 10 300 [34.96970079]
1995 10 700 [34.81357733]
1995 10 2000 [34.71472677]
1995 10 6000 [34.7263803]
1995 11 1 [34.62360242]
1995 11 300 [34.96980333]
1995 11 700 [34.81353899]
1995 11 2000 [34.7147321]
1995 11 6000 [34.72637369]
1995 12 1 [34.63297894]
1995 12 300 [34.97061875]
1995 12 700 [34.81368226]
1995 12 2000 [34.71482878]
1995 12 6000 [34.7264117]
1996 01 1 [34.63589164]
1996 01 300 [34.97136407]
1996 01 700 [34.81380667]
1996 01 2000 [34.71493049]
1996 01 6000 [34.72645579]
1996 02 1 [34.64528142]
1996 02 300 [34.97205777]
1996 02 700 [34.81408376]
1996 02 2000 [34.71505837]
1996 02 6000 [34.72650983]
1996 03 1 [34.65171878]
1996 03 300 [34.9734259]
1996 03 700 [34.8146037]
1996 03 2000 [34.71524253]
1996 03 6000 [34.72659047]
1996 04 1 [34.656074]
1996 04 300 [34.9744825]
1996 04 700 [34.81504909]
1996 04 2000 [34.71539224]
1996 04 6000 [34.72665687]
1996 05 1 [34.65745215]
1996 05 300 [34.97437]
1996 05 700 [34.81498414]
1996 05 2000 [34.71533459]
1996 05 6000 [34.72662252]
1996 06 1 [34.63393848]
1996 06 300 [34.97355637]
1996 06 700 [34.81459302]
1996 06 2000 [34.7151827]
1996 06 6000 [34.72654369]
1996 07 1 [34.59293162]
1996 07 300 [34.97170551]
1996 07 700 [34.81386595]
1996 07 2000 [34.71488724]
1996 07 6000 [34.72639825]
1996 08 1 [34.58959609]
1996 08 300 [34.97095814]
1996 08 700 [34.8137709]
1996 08 2000 [34.7148286]
1996 08 6000 [34.72636492]
1996 09 1 [34.59842016]
1996 09 300 [34.9709183]
1996 09 700 [34.81405632]
1996 09 2000 [34.71494057]
1996 09 6000 [34.7264108]
1996 10 1 [34.61659624]
1996 10 300 [34.9702232]
1996 10 700 [34.81379807]
1996 10 2000 [34.71483181]
1996 10 6000 [34.72635038]
1996 11 1 [34.64086521]
1996 11 300 [34.970348]
1996 11 700 [34.81381592]
1996 11 2000 [34.7148122]
1996 11 6000 [34.72633794]
1996 12 1 [34.64707181]
1996 12 300 [34.97057244]
1996 12 700 [34.81384778]
1996 12 2000 [34.71481244]
1996 12 6000 [34.7263326]
1997 01 1 [34.64878491]
1997 01 300 [34.97155857]
1997 01 700 [34.81415094]
1997 01 2000 [34.71497258]
1997 01 6000 [34.72640576]
1997 02 1 [34.65695931]
1997 02 300 [34.97256617]
1997 02 700 [34.81450392]
1997 02 2000 [34.71514707]
1997 02 6000 [34.72648916]
1997 03 1 [34.66240671]
1997 03 300 [34.97334719]
1997 03 700 [34.81477787]
1997 03 2000 [34.71526043]
1997 03 6000 [34.72654008]
1997 04 1 [34.66625296]
1997 04 300 [34.97432321]
1997 04 700 [34.81520172]
1997 04 2000 [34.71537517]
1997 04 6000 [34.72659296]
1997 05 1 [34.66372594]
1997 05 300 [34.97397965]
1997 05 700 [34.81502719]
1997 05 2000 [34.71527815]
1997 05 6000 [34.72654386]
1997 06 1 [34.62990458]
1997 06 300 [34.97269419]
1997 06 700 [34.81437736]
1997 06 2000 [34.71502205]
1997 06 6000 [34.72642032]
1997 07 1 [34.56383306]
1997 07 300 [34.9703655]
1997 07 700 [34.8135875]
1997 07 2000 [34.71469868]
1997 07 6000 [34.72625915]
1997 08 1 [34.57120021]
1997 08 300 [34.96905061]
1997 08 700 [34.81333443]
1997 08 2000 [34.71457293]
1997 08 6000 [34.72619586]
1997 09 1 [34.5880496]
1997 09 300 [34.96894961]
1997 09 700 [34.81350337]
1997 09 2000 [34.71459938]
1997 09 6000 [34.72620416]
1997 10 1 [34.59479219]
1997 10 300 [34.96858319]
1997 10 700 [34.81348943]
1997 10 2000 [34.71456286]
1997 10 6000 [34.72617853]
1997 11 1 [34.61890539]
1997 11 300 [34.9693084]
1997 11 700 [34.81387434]
1997 11 2000 [34.71468233]
1997 11 6000 [34.72622988]
1997 12 1 [34.62369119]
1997 12 300 [34.96952166]
1997 12 700 [34.81386104]
1997 12 2000 [34.71468311]
1997 12 6000 [34.72622545]
1998 01 1 [34.63187322]
1998 01 300 [34.97083761]
1998 01 700 [34.81413739]
1998 01 2000 [34.71480428]
1998 01 6000 [34.72628007]
1998 02 1 [34.65086743]
1998 02 300 [34.97315987]
1998 02 700 [34.81477659]
1998 02 2000 [34.71503544]
1998 02 6000 [34.72638536]
1998 03 1 [34.65075499]
1998 03 300 [34.97506363]
1998 03 700 [34.81514396]
1998 03 2000 [34.71517483]
1998 03 6000 [34.72644784]
1998 04 1 [34.64899796]
1998 04 300 [34.97656838]
1998 04 700 [34.81542147]
1998 04 2000 [34.71525785]
1998 04 6000 [34.72648421]
1998 05 1 [34.65347914]
1998 05 300 [34.97742535]
1998 05 700 [34.81551772]
1998 05 2000 [34.71522885]
1998 05 6000 [34.72646635]
1998 06 1 [34.63130044]
1998 06 300 [34.97724971]
1998 06 700 [34.81539131]
1998 06 2000 [34.71511274]
1998 06 6000 [34.72640707]
1998 07 1 [34.58146555]
1998 07 300 [34.97581826]
1998 07 700 [34.81487475]
1998 07 2000 [34.71486769]
1998 07 6000 [34.72628117]
1998 08 1 [34.57698905]
1998 08 300 [34.97490163]
1998 08 700 [34.81473155]
1998 08 2000 [34.71476881]
1998 08 6000 [34.72622507]
1998 09 1 [34.59518423]
1998 09 300 [34.97498733]
1998 09 700 [34.8149796]
1998 09 2000 [34.71482528]
1998 09 6000 [34.72624512]
1998 10 1 [34.61802794]
1998 10 300 [34.97453524]
1998 10 700 [34.81509123]
1998 10 2000 [34.71484156]
1998 10 6000 [34.7262448]
1998 11 1 [34.63584895]
1998 11 300 [34.97467829]
1998 11 700 [34.8151604]
1998 11 2000 [34.71484377]
1998 11 6000 [34.72623908]
1998 12 1 [34.64250892]
1998 12 300 [34.9755924]
1998 12 700 [34.8154294]
1998 12 2000 [34.71494492]
1998 12 6000 [34.72628432]
1999 01 1 [34.65079168]
1999 01 300 [34.97662315]
1999 01 700 [34.81577121]
1999 01 2000 [34.71513476]
1999 01 6000 [34.72637392]
1999 02 1 [34.66396133]
1999 02 300 [34.97863651]
1999 02 700 [34.8163631]
1999 02 2000 [34.7153726]
1999 02 6000 [34.72648585]
1999 03 1 [34.66668711]
1999 03 300 [34.98018318]
1999 03 700 [34.81683295]
1999 03 2000 [34.71554519]
1999 03 6000 [34.72656491]
1999 04 1 [34.67413335]
1999 04 300 [34.98127662]
1999 04 700 [34.81716147]
1999 04 2000 [34.71563936]
1999 04 6000 [34.7266052]
1999 05 1 [34.67614282]
1999 05 300 [34.98172607]
1999 05 700 [34.81725372]
1999 05 2000 [34.71562229]
1999 05 6000 [34.72659337]
1999 06 1 [34.64768904]
1999 06 300 [34.98153154]
1999 06 700 [34.81722846]
1999 06 2000 [34.71559572]
1999 06 6000 [34.72657583]
1999 07 1 [34.59396901]
1999 07 300 [34.97911084]
1999 07 700 [34.81642896]
1999 07 2000 [34.71530282]
1999 07 6000 [34.72642956]
1999 08 1 [34.57621845]
1999 08 300 [34.97769066]
1999 08 700 [34.8160745]
1999 08 2000 [34.71511178]
1999 08 6000 [34.72633395]
1999 09 1 [34.59379987]
1999 09 300 [34.9777185]
1999 09 700 [34.8163988]
1999 09 2000 [34.71519493]
1999 09 6000 [34.72636985]
1999 10 1 [34.61855661]
1999 10 300 [34.9777551]
1999 10 700 [34.81662891]
1999 10 2000 [34.71526689]
1999 10 6000 [34.72639749]
1999 11 1 [34.64271057]
1999 11 300 [34.97852018]
1999 11 700 [34.81691614]
1999 11 2000 [34.7153603]
1999 11 6000 [34.72643806]
1999 12 1 [34.65225165]
1999 12 300 [34.97894937]
1999 12 700 [34.81692339]
1999 12 2000 [34.71537243]
1999 12 6000 [34.72644023]
2000 01 1 [34.66373047]
2000 01 300 [34.98078215]
2000 01 700 [34.81746338]
2000 01 2000 [34.71562738]
2000 01 6000 [34.72656313]
2000 02 1 [34.67600034]
2000 02 300 [34.98235063]
2000 02 700 [34.81804651]
2000 02 2000 [34.71586057]
2000 02 6000 [34.72666852]
2000 03 1 [34.67957681]
2000 03 300 [34.98447384]
2000 03 700 [34.81892867]
2000 03 2000 [34.71617385]
2000 03 6000 [34.72681126]
2000 04 1 [34.68279927]
2000 04 300 [34.98620684]
2000 04 700 [34.81973196]
2000 04 2000 [34.71642426]
2000 04 6000 [34.72692797]
2000 05 1 [34.68945511]
2000 05 300 [34.98650122]
2000 05 700 [34.81982739]
2000 05 2000 [34.71644045]
2000 05 6000 [34.72693504]
2000 06 1 [34.67136073]
2000 06 300 [34.98584492]
2000 06 700 [34.8196423]
2000 06 2000 [34.7163583]
2000 06 6000 [34.72689392]
2000 07 1 [34.61589608]
2000 07 300 [34.98394608]
2000 07 700 [34.81893998]
2000 07 2000 [34.71607449]
2000 07 6000 [34.72675714]
2000 08 1 [34.61353981]
2000 08 300 [34.9823805]
2000 08 700 [34.81850066]
2000 08 2000 [34.71587449]
2000 08 6000 [34.7266588]
2000 09 1 [34.62609797]
2000 09 300 [34.98165061]
2000 09 700 [34.8185882]
2000 09 2000 [34.71588271]
2000 09 6000 [34.72665851]
2000 10 1 [34.64096566]
2000 10 300 [34.9807765]
2000 10 700 [34.81849453]
2000 10 2000 [34.71580679]
2000 10 6000 [34.72661656]
2000 11 1 [34.65980138]
2000 11 300 [34.98132047]
2000 11 700 [34.81868717]
2000 11 2000 [34.71586821]
2000 11 6000 [34.72664984]
2000 12 1 [34.67353889]
2000 12 300 [34.98237573]
2000 12 700 [34.81915828]
2000 12 2000 [34.71604479]
2000 12 6000 [34.72672944]
2001 01 1 [34.67935934]
2001 01 300 [34.98258936]
2001 01 700 [34.81924556]
2001 01 2000 [34.71610953]
2001 01 6000 [34.7267563]
2001 02 1 [34.68760333]
2001 02 300 [34.98373634]
2001 02 700 [34.81968387]
2001 02 2000 [34.71626801]
2001 02 6000 [34.72682914]
2001 03 1 [34.68773656]
2001 03 300 [34.9854672]
2001 03 700 [34.82029357]
2001 03 2000 [34.71643032]
2001 03 6000 [34.72690363]
2001 04 1 [34.69633122]
2001 04 300 [34.9864789]
2001 04 700 [34.82053979]
2001 04 2000 [34.71649178]
2001 04 6000 [34.72693419]
2001 05 1 [34.70283601]
2001 05 300 [34.98687986]
2001 05 700 [34.82054407]
2001 05 2000 [34.71642551]
2001 05 6000 [34.72689816]
2001 06 1 [34.67506012]
2001 06 300 [34.98578471]
2001 06 700 [34.82007662]
2001 06 2000 [34.71622119]
2001 06 6000 [34.72679732]
2001 07 1 [34.6304646]
2001 07 300 [34.98382072]
2001 07 700 [34.8194392]
2001 07 2000 [34.71596406]
2001 07 6000 [34.72667302]
2001 08 1 [34.62044014]
2001 08 300 [34.98226909]
2001 08 700 [34.81912899]
2001 08 2000 [34.71582767]
2001 08 6000 [34.7266041]
2001 09 1 [34.62669441]
2001 09 300 [34.98133764]
2001 09 700 [34.81902072]
2001 09 2000 [34.71575177]
2001 09 6000 [34.72656643]
2001 10 1 [34.65329355]
2001 10 300 [34.98174073]
2001 10 700 [34.81924404]
2001 10 2000 [34.71577936]
2001 10 6000 [34.72657508]
2001 11 1 [34.68190366]
2001 11 300 [34.98302038]
2001 11 700 [34.81966782]
2001 11 2000 [34.71592193]
2001 11 6000 [34.72664019]
2001 12 1 [34.68839514]
2001 12 300 [34.98416815]
2001 12 700 [34.81985771]
2001 12 2000 [34.71597627]
2001 12 6000 [34.72666247]
2002 01 1 [34.68742354]
2002 01 300 [34.98569878]
2002 01 700 [34.82029212]
2002 01 2000 [34.71618469]
2002 01 6000 [34.72676022]
2002 02 1 [34.7018317]
2002 02 300 [34.98667177]
2002 02 700 [34.82050693]
2002 02 2000 [34.71628836]
2002 02 6000 [34.72681063]
2002 03 1 [34.69972731]
2002 03 300 [34.98718099]
2002 03 700 [34.82056831]
2002 03 2000 [34.71629461]
2002 03 6000 [34.72681014]
2002 04 1 [34.69761668]
2002 04 300 [34.98756057]
2002 04 700 [34.82056377]
2002 04 2000 [34.7162725]
2002 04 6000 [34.72679187]
2002 05 1 [34.70502278]
2002 05 300 [34.98694183]
2002 05 700 [34.82020397]
2002 05 2000 [34.71609749]
2002 05 6000 [34.72670878]
2002 06 1 [34.67004987]
2002 06 300 [34.98553168]
2002 06 700 [34.81976985]
2002 06 2000 [34.71593932]
2002 06 6000 [34.72663552]
2002 07 1 [34.62811276]
2002 07 300 [34.9824517]
2002 07 700 [34.81889136]
2002 07 2000 [34.71560276]
2002 07 6000 [34.72647354]
2002 08 1 [34.61690747]
2002 08 300 [34.98111384]
2002 08 700 [34.81885997]
2002 08 2000 [34.71559423]
2002 08 6000 [34.72647042]
2002 09 1 [34.63442189]
2002 09 300 [34.98060552]
2002 09 700 [34.8191591]
2002 09 2000 [34.7157096]
2002 09 6000 [34.72652621]
2002 10 1 [34.64730587]
2002 10 300 [34.98025652]
2002 10 700 [34.81930829]
2002 10 2000 [34.71574902]
2002 10 6000 [34.72654093]
2002 11 1 [34.65837766]
2002 11 300 [34.97991699]
2002 11 700 [34.81934606]
2002 11 2000 [34.71573777]
2002 11 6000 [34.72652997]
2002 12 1 [34.67231615]
2002 12 300 [34.9800836]
2002 12 700 [34.81931425]
2002 12 2000 [34.71573491]
2002 12 6000 [34.72652708]
2003 01 1 [34.67638173]
2003 01 300 [34.98061902]
2003 01 700 [34.81928749]
2003 01 2000 [34.71575564]
2003 01 6000 [34.72653877]
2003 02 1 [34.68243971]
2003 02 300 [34.98015655]
2003 02 700 [34.81885161]
2003 02 2000 [34.71565633]
2003 02 6000 [34.72648927]
2003 03 1 [34.68805842]
2003 03 300 [34.98105134]
2003 03 700 [34.81902537]
2003 03 2000 [34.71576089]
2003 03 6000 [34.7265379]
2003 04 1 [34.69324965]
2003 04 300 [34.98203458]
2003 04 700 [34.81912901]
2003 04 2000 [34.71577191]
2003 04 6000 [34.72653931]
2003 05 1 [34.70168241]
2003 05 300 [34.98237012]
2003 05 700 [34.81905821]
2003 05 2000 [34.71562948]
2003 05 6000 [34.72646696]
2003 06 1 [34.66444696]
2003 06 300 [34.98129701]
2003 06 700 [34.81848227]
2003 06 2000 [34.71529753]
2003 06 6000 [34.72630711]
2003 07 1 [34.60543739]
2003 07 300 [34.97863573]
2003 07 700 [34.81755845]
2003 07 2000 [34.71486501]
2003 07 6000 [34.72609329]
2003 08 1 [34.59677691]
2003 08 300 [34.97696414]
2003 08 700 [34.81699523]
2003 08 2000 [34.71454468]
2003 08 6000 [34.72593602]
2003 09 1 [34.6107246]
2003 09 300 [34.97612484]
2003 09 700 [34.81673095]
2003 09 2000 [34.71436254]
2003 09 6000 [34.72584971]
2003 10 1 [34.63022781]
2003 10 300 [34.97526049]
2003 10 700 [34.81626789]
2003 10 2000 [34.71416788]
2003 10 6000 [34.72575629]
2003 11 1 [34.64206614]
2003 11 300 [34.97495295]
2003 11 700 [34.81602663]
2003 11 2000 [34.71409118]
2003 11 6000 [34.72571724]
2003 12 1 [34.65824632]
2003 12 300 [34.97385143]
2003 12 700 [34.81528844]
2003 12 2000 [34.71386251]
2003 12 6000 [34.72560234]
2004 01 1 [34.65826278]
2004 01 300 [34.97349028]
2004 01 700 [34.8147846]
2004 01 2000 [34.71373657]
2004 01 6000 [34.72553857]
2004 02 1 [34.6653964]
2004 02 300 [34.973659]
2004 02 700 [34.81466102]
2004 02 2000 [34.71366533]
2004 02 6000 [34.72550318]
2004 03 1 [34.67040692]
2004 03 300 [34.97325632]
2004 03 700 [34.81436024]
2004 03 2000 [34.71356444]
2004 03 6000 [34.72545514]
2004 04 1 [34.67720112]
2004 04 300 [34.97299341]
2004 04 700 [34.81410452]
2004 04 2000 [34.7134839]
2004 04 6000 [34.72542025]
2004 05 1 [34.6831791]
2004 05 300 [34.97258176]
2004 05 700 [34.81382322]
2004 05 2000 [34.71342645]
2004 05 6000 [34.72539145]
2004 06 1 [34.64506712]
2004 06 300 [34.96998806]
2004 06 700 [34.81268213]
2004 06 2000 [34.71302763]
2004 06 6000 [34.72519863]
2004 07 1 [34.57930278]
2004 07 300 [34.96589279]
2004 07 700 [34.81110613]
2004 07 2000 [34.71243132]
2004 07 6000 [34.72490751]
2004 08 1 [34.57671331]
2004 08 300 [34.96404373]
2004 08 700 [34.81050057]
2004 08 2000 [34.7121866]
2004 08 6000 [34.72478727]
2004 09 1 [34.59465971]
2004 09 300 [34.96303943]
2004 09 700 [34.81032892]
2004 09 2000 [34.71212907]
2004 09 6000 [34.72475748]
2004 10 1 [34.61283149]
2004 10 300 [34.96183114]
2004 10 700 [34.80984469]
2004 10 2000 [34.71192915]
2004 10 6000 [34.72464728]
2004 11 1 [34.62623493]
2004 11 300 [34.96078798]
2004 11 700 [34.80919339]
2004 11 2000 [34.71159921]
2004 11 6000 [34.72445407]
2004 12 1 [34.62705275]
2004 12 300 [34.95898761]
2004 12 700 [34.80822159]
2004 12 2000 [34.71129202]
2004 12 6000 [34.72430023]
2005 01 1 [34.6349241]
2005 01 300 [34.95723321]
2005 01 700 [34.80710133]
2005 01 2000 [34.71096568]
2005 01 6000 [34.72414101]
2005 02 1 [34.64475846]
2005 02 300 [34.95710711]
2005 02 700 [34.80665436]
2005 02 2000 [34.71085614]
2005 02 6000 [34.72408539]
2005 03 1 [34.64740008]
2005 03 300 [34.95697254]
2005 03 700 [34.80629044]
2005 03 2000 [34.71077577]
2005 03 6000 [34.7240419]
2005 04 1 [34.65556704]
2005 04 300 [34.95624967]
2005 04 700 [34.80567247]
2005 04 2000 [34.7105618]
2005 04 6000 [34.72393899]
2005 05 1 [34.65307829]
2005 05 300 [34.95466228]
2005 05 700 [34.80481001]
2005 05 2000 [34.71022804]
2005 05 6000 [34.72378032]
2005 06 1 [34.60389876]
2005 06 300 [34.95219842]
2005 06 700 [34.80363454]
2005 06 2000 [34.70983021]
2005 06 6000 [34.7235906]
2005 07 1 [34.55819683]
2005 07 300 [34.94878756]
2005 07 700 [34.80227313]
2005 07 2000 [34.70937265]
2005 07 6000 [34.72337035]
2005 08 1 [34.54918443]
2005 08 300 [34.94594888]
2005 08 700 [34.80113911]
2005 08 2000 [34.70903246]
2005 08 6000 [34.72320552]
2005 09 1 [34.57956476]
2005 09 300 [34.94442159]
2005 09 700 [34.80054933]
2005 09 2000 [34.70885255]
2005 09 6000 [34.72311712]
2005 10 1 [34.59506308]
2005 10 300 [34.94314512]
2005 10 700 [34.79995068]
2005 10 2000 [34.70866802]
2005 10 6000 [34.72302545]
2005 11 1 [34.60740883]
2005 11 300 [34.94175115]
2005 11 700 [34.79929292]
2005 11 2000 [34.70850021]
2005 11 6000 [34.72294257]
2005 12 1 [34.60841359]
2005 12 300 [34.94006063]
2005 12 700 [34.79834398]
2005 12 2000 [34.70827309]
2005 12 6000 [34.72283043]
2006 01 1 [34.61396805]
2006 01 300 [34.93880367]
2006 01 700 [34.79766849]
2006 01 2000 [34.70817222]
2006 01 6000 [34.72278191]
2006 02 1 [34.62417679]
2006 02 300 [34.93777311]
2006 02 700 [34.79705303]
2006 02 2000 [34.7081074]
2006 02 6000 [34.72275418]
2006 03 1 [34.62518335]
2006 03 300 [34.93715359]
2006 03 700 [34.79646506]
2006 03 2000 [34.70797941]
2006 03 6000 [34.72270268]
2006 04 1 [34.62052703]
2006 04 300 [34.93693755]
2006 04 700 [34.79623714]
2006 04 2000 [34.70789831]
2006 04 6000 [34.72266585]
2006 05 1 [34.62148191]
2006 05 300 [34.93649546]
2006 05 700 [34.7957972]
2006 05 2000 [34.70771336]
2006 05 6000 [34.72257735]
2006 06 1 [34.59161371]
2006 06 300 [34.93498197]
2006 06 700 [34.79505191]
2006 06 2000 [34.70742528]
2006 06 6000 [34.72244126]
2006 07 1 [34.54397029]
2006 07 300 [34.93299082]
2006 07 700 [34.79435653]
2006 07 2000 [34.70717661]
2006 07 6000 [34.72232038]
2006 08 1 [34.52613094]
2006 08 300 [34.93146637]
2006 08 700 [34.79393042]
2006 08 2000 [34.70702053]
2006 08 6000 [34.7222438]
2006 09 1 [34.54273047]
2006 09 300 [34.93004274]
2006 09 700 [34.79338709]
2006 09 2000 [34.70679559]
2006 09 6000 [34.72213406]
2006 10 1 [34.5578407]
2006 10 300 [34.9283275]
2006 10 700 [34.79268722]
2006 10 2000 [34.70655413]
2006 10 6000 [34.7220163]
2006 11 1 [34.56555788]
2006 11 300 [34.92803685]
2006 11 700 [34.7923604]
2006 11 2000 [34.70642133]
2006 11 6000 [34.72195028]
2006 12 1 [34.57432611]
2006 12 300 [34.92707066]
2006 12 700 [34.79164088]
2006 12 2000 [34.70614482]
2006 12 6000 [34.72182189]
2007 01 1 [34.59318139]
2007 01 300 [34.92747798]
2007 01 700 [34.7915349]
2007 01 2000 [34.70610705]
2007 01 6000 [34.72180517]
2007 02 1 [34.60266361]
2007 02 300 [34.92768311]
2007 02 700 [34.79127573]
2007 02 2000 [34.70606344]
2007 02 6000 [34.72178702]
2007 03 1 [34.60844263]
2007 03 300 [34.92846906]
2007 03 700 [34.79132877]
2007 03 2000 [34.70612928]
2007 03 6000 [34.72182237]
2007 04 1 [34.60773887]
2007 04 300 [34.92866224]
2007 04 700 [34.79119327]
2007 04 2000 [34.70603957]
2007 04 6000 [34.72178193]
2007 05 1 [34.60629072]
2007 05 300 [34.92871458]
2007 05 700 [34.79114436]
2007 05 2000 [34.70603145]
2007 05 6000 [34.72177942]
2007 06 1 [34.57106912]
2007 06 300 [34.92794291]
2007 06 700 [34.79070975]
2007 06 2000 [34.70590769]
2007 06 6000 [34.72171776]
2007 07 1 [34.51809883]
2007 07 300 [34.92581092]
2007 07 700 [34.78986558]
2007 07 2000 [34.70562258]
2007 07 6000 [34.72157901]
2007 08 1 [34.51069313]
2007 08 300 [34.92523996]
2007 08 700 [34.78993644]
2007 08 2000 [34.70562408]
2007 08 6000 [34.721579]
2007 09 1 [34.53048429]
2007 09 300 [34.92522838]
2007 09 700 [34.79013502]
2007 09 2000 [34.70566071]
2007 09 6000 [34.72159108]
2007 10 1 [34.55287819]
2007 10 300 [34.92481551]
2007 10 700 [34.79005777]
2007 10 2000 [34.70562772]
2007 10 6000 [34.72156904]
2007 11 1 [34.57652338]
2007 11 300 [34.92481401]
2007 11 700 [34.7900121]
2007 11 2000 [34.7056187]
2007 11 6000 [34.72156065]
2007 12 1 [34.58886718]
2007 12 300 [34.92527213]
2007 12 700 [34.78998482]
2007 12 2000 [34.70564397]
2007 12 6000 [34.72156593]
2008 01 1 [34.59265431]
2008 01 300 [34.92557187]
2008 01 700 [34.78974222]
2008 01 2000 [34.70556905]
2008 01 6000 [34.72152693]
2008 02 1 [34.60531487]
2008 02 300 [34.92720803]
2008 02 700 [34.79022631]
2008 02 2000 [34.70576937]
2008 02 6000 [34.72162224]
2008 03 1 [34.60944588]
2008 03 300 [34.92834235]
2008 03 700 [34.79061519]
2008 03 2000 [34.70591955]
2008 03 6000 [34.72169483]
2008 04 1 [34.6107185]
2008 04 300 [34.92890901]
2008 04 700 [34.79080689]
2008 04 2000 [34.70600515]
2008 04 6000 [34.72173087]
2008 05 1 [34.61006667]
2008 05 300 [34.92855027]
2008 05 700 [34.79058683]
2008 05 2000 [34.7059366]
2008 05 6000 [34.72169493]
2008 06 1 [34.58815671]
2008 06 300 [34.92780762]
2008 06 700 [34.79031964]
2008 06 2000 [34.70585289]
2008 06 6000 [34.72165632]
2008 07 1 [34.53733978]
2008 07 300 [34.92660482]
2008 07 700 [34.78995759]
2008 07 2000 [34.70570916]
2008 07 6000 [34.72158725]
2008 08 1 [34.53415118]
2008 08 300 [34.92698999]
2008 08 700 [34.79038507]
2008 08 2000 [34.70581732]
2008 08 6000 [34.72163903]
2008 09 1 [34.54477068]
2008 09 300 [34.92719268]
2008 09 700 [34.79069046]
2008 09 2000 [34.70590809]
2008 09 6000 [34.72168065]
2008 10 1 [34.56303981]
2008 10 300 [34.9274529]
2008 10 700 [34.79104432]
2008 10 2000 [34.70604942]
2008 10 6000 [34.72174429]
2008 11 1 [34.59062465]
2008 11 300 [34.92819986]
2008 11 700 [34.79142919]
2008 11 2000 [34.70619508]
2008 11 6000 [34.72180846]
2008 12 1 [34.60124941]
2008 12 300 [34.92863803]
2008 12 700 [34.79149279]
2008 12 2000 [34.70624698]
2008 12 6000 [34.72183229]
2009 01 1 [34.60624189]
2009 01 300 [34.92856953]
2009 01 700 [34.79132221]
2009 01 2000 [34.70629536]
2009 01 6000 [34.72185779]
2009 02 1 [34.61191598]
2009 02 300 [34.92959928]
2009 02 700 [34.79169687]
2009 02 2000 [34.70647954]
2009 02 6000 [34.72194506]
2009 03 1 [34.61488306]
2009 03 300 [34.93073796]
2009 03 700 [34.79200154]
2009 03 2000 [34.70654373]
2009 03 6000 [34.72196993]
2009 04 1 [34.62520455]
2009 04 300 [34.93139527]
2009 04 700 [34.79219905]
2009 04 2000 [34.70658638]
2009 04 6000 [34.72198554]
2009 05 1 [34.63132869]
2009 05 300 [34.93218168]
2009 05 700 [34.79256248]
2009 05 2000 [34.70673353]
2009 05 6000 [34.7220544]
2009 06 1 [34.6074083]
2009 06 300 [34.93181223]
2009 06 700 [34.79248376]
2009 06 2000 [34.70670891]
2009 06 6000 [34.72204133]
2009 07 1 [34.55949807]
2009 07 300 [34.92966296]
2009 07 700 [34.7916413]
2009 07 2000 [34.70635635]
2009 07 6000 [34.72187173]
2009 08 1 [34.5450928]
2009 08 300 [34.92856735]
2009 08 700 [34.79137273]
2009 08 2000 [34.70624798]
2009 08 6000 [34.72181784]
2009 09 1 [34.56554142]
2009 09 300 [34.92845893]
2009 09 700 [34.79162622]
2009 09 2000 [34.70633931]
2009 09 6000 [34.72186263]
2009 10 1 [34.5817048]
2009 10 300 [34.9283247]
2009 10 700 [34.79169729]
2009 10 2000 [34.70637978]
2009 10 6000 [34.72187929]
2009 11 1 [34.60061941]
2009 11 300 [34.92787882]
2009 11 700 [34.79141719]
2009 11 2000 [34.70630665]
2009 11 6000 [34.72184026]
2009 12 1 [34.61271908]
2009 12 300 [34.92815038]
2009 12 700 [34.79141605]
2009 12 2000 [34.70638231]
2009 12 6000 [34.72187413]
2010 01 1 [34.62115109]
2010 01 300 [34.92812472]
2010 01 700 [34.79124803]
2010 01 2000 [34.70641588]
2010 01 6000 [34.72189335]
2010 02 1 [34.62658324]
2010 02 300 [34.92948779]
2010 02 700 [34.7915565]
2010 02 2000 [34.7065274]
2010 02 6000 [34.72194838]
2010 03 1 [34.63264954]
2010 03 300 [34.93047761]
2010 03 700 [34.79188161]
2010 03 2000 [34.70661987]
2010 03 6000 [34.72199308]
2010 04 1 [34.63624523]
2010 04 300 [34.93214956]
2010 04 700 [34.79252566]
2010 04 2000 [34.70682109]
2010 04 6000 [34.72207928]
2010 05 1 [34.63638303]
2010 05 300 [34.93242645]
2010 05 700 [34.79248424]
2010 05 2000 [34.70680152]
2010 05 6000 [34.72206209]
2010 06 1 [34.60236056]
2010 06 300 [34.93136114]
2010 06 700 [34.79196941]
2010 06 2000 [34.70655023]
2010 06 6000 [34.72193992]
2010 07 1 [34.55344215]
2010 07 300 [34.93005662]
2010 07 700 [34.79169725]
2010 07 2000 [34.70640099]
2010 07 6000 [34.72186469]
2010 08 1 [34.54787629]
2010 08 300 [34.93093458]
2010 08 700 [34.79232664]
2010 08 2000 [34.70652941]
2010 08 6000 [34.72192866]
2010 09 1 [34.5616576]
2010 09 300 [34.9321023]
2010 09 700 [34.79302129]
2010 09 2000 [34.70673598]
2010 09 6000 [34.72202933]
2010 10 1 [34.5806731]
2010 10 300 [34.93267091]
2010 10 700 [34.79333417]
2010 10 2000 [34.70679884]
2010 10 6000 [34.72205532]
2010 11 1 [34.59818389]
2010 11 300 [34.93300119]
2010 11 700 [34.79337136]
2010 11 2000 [34.70681248]
2010 11 6000 [34.7220569]
2010 12 1 [34.60740928]
2010 12 300 [34.93335167]
2010 12 700 [34.79332081]
2010 12 2000 [34.70681607]
2010 12 6000 [34.72205727]
2011 01 1 [34.61352158]
2011 01 300 [34.93353524]
2011 01 700 [34.79326399]
2011 01 2000 [34.70683132]
2011 01 6000 [34.72206594]
2011 02 1 [34.62210791]
2011 02 300 [34.93425826]
2011 02 700 [34.7935101]
2011 02 2000 [34.70704061]
2011 02 6000 [34.72216786]
2011 03 1 [34.62467133]
2011 03 300 [34.93519858]
2011 03 700 [34.79366081]
2011 03 2000 [34.70715933]
2011 03 6000 [34.72222615]
2011 04 1 [34.62003607]
2011 04 300 [34.93510773]
2011 04 700 [34.79366615]
2011 04 2000 [34.70715043]
2011 04 6000 [34.72221954]
2011 05 1 [34.62559282]
2011 05 300 [34.93552703]
2011 05 700 [34.79386535]
2011 05 2000 [34.7071742]
2011 05 6000 [34.72222854]
2011 06 1 [34.5965082]
2011 06 300 [34.93513007]
2011 06 700 [34.79380554]
2011 06 2000 [34.70710725]
2011 06 6000 [34.72217627]
2011 07 1 [34.54471419]
2011 07 300 [34.93347235]
2011 07 700 [34.79313535]
2011 07 2000 [34.70682558]
2011 07 6000 [34.72203822]
2011 08 1 [34.53008662]
2011 08 300 [34.93198524]
2011 08 700 [34.79281823]
2011 08 2000 [34.70672715]
2011 08 6000 [34.72199098]
2011 09 1 [34.54544922]
2011 09 300 [34.93186831]
2011 09 700 [34.79318663]
2011 09 2000 [34.7068299]
2011 09 6000 [34.72204064]
2011 10 1 [34.56325722]
2011 10 300 [34.9320887]
2011 10 700 [34.7935387]
2011 10 2000 [34.70689938]
2011 10 6000 [34.72207419]
2011 11 1 [34.58469292]
2011 11 300 [34.93220611]
2011 11 700 [34.79338049]
2011 11 2000 [34.70678365]
2011 11 6000 [34.72201733]
2011 12 1 [34.59904896]
2011 12 300 [34.93173233]
2011 12 700 [34.79292458]
2011 12 2000 [34.7066011]
2011 12 6000 [34.72192971]
2012 01 1 [34.60545676]
2012 01 300 [34.9320685]
2012 01 700 [34.79292059]
2012 01 2000 [34.70660364]
2012 01 6000 [34.72192963]
2012 02 1 [34.61328764]
2012 02 300 [34.93252407]
2012 02 700 [34.79282872]
2012 02 2000 [34.70665101]
2012 02 6000 [34.7219558]
2012 03 1 [34.62231373]
2012 03 300 [34.93330203]
2012 03 700 [34.79307565]
2012 03 2000 [34.70677761]
2012 03 6000 [34.72202018]
2012 04 1 [34.62351222]
2012 04 300 [34.93440481]
2012 04 700 [34.79352888]
2012 04 2000 [34.70692879]
2012 04 6000 [34.72209439]
2012 05 1 [34.6228746]
2012 05 300 [34.93441623]
2012 05 700 [34.79338174]
2012 05 2000 [34.70683232]
2012 05 6000 [34.72204503]
2012 06 1 [34.59427201]
2012 06 300 [34.9331332]
2012 06 700 [34.79290022]
2012 06 2000 [34.7066466]
2012 06 6000 [34.72195989]
2012 07 1 [34.54933832]
2012 07 300 [34.93103568]
2012 07 700 [34.79214334]
2012 07 2000 [34.70633312]
2012 07 6000 [34.72181084]
2012 08 1 [34.54983778]
2012 08 300 [34.93053239]
2012 08 700 [34.79205416]
2012 08 2000 [34.70625039]
2012 08 6000 [34.72177121]
2012 09 1 [34.55860987]
2012 09 300 [34.93089504]
2012 09 700 [34.79247809]
2012 09 2000 [34.70638399]
2012 09 6000 [34.72183299]
2012 10 1 [34.57081365]
2012 10 300 [34.93098088]
2012 10 700 [34.79268529]
2012 10 2000 [34.70647428]
2012 10 6000 [34.72187485]
2012 11 1 [34.58685474]
2012 11 300 [34.93143585]
2012 11 700 [34.79272339]
2012 11 2000 [34.70649622]
2012 11 6000 [34.72189285]
2012 12 1 [34.59664283]
2012 12 300 [34.93087046]
2012 12 700 [34.79219472]
2012 12 2000 [34.7063644]
2012 12 6000 [34.72183259]
2013 01 1 [34.60446282]
2013 01 300 [34.93111582]
2013 01 700 [34.7920414]
2013 01 2000 [34.70637509]
2013 01 6000 [34.7218375]
2013 02 1 [34.6130547]
2013 02 300 [34.93226228]
2013 02 700 [34.79230611]
2013 02 2000 [34.7065114]
2013 02 6000 [34.72190423]
2013 03 1 [34.62255222]
2013 03 300 [34.93322208]
2013 03 700 [34.79244513]
2013 03 2000 [34.70655253]
2013 03 6000 [34.7219227]
2013 04 1 [34.63072532]
2013 04 300 [34.93410676]
2013 04 700 [34.79265023]
2013 04 2000 [34.70661301]
2013 04 6000 [34.72195254]
2013 05 1 [34.64332213]
2013 05 300 [34.93517498]
2013 05 700 [34.79302292]
2013 05 2000 [34.7067001]
2013 05 6000 [34.72199349]
2013 06 1 [34.62170358]
2013 06 300 [34.93467123]
2013 06 700 [34.79279941]
2013 06 2000 [34.70664972]
2013 06 6000 [34.72196594]
2013 07 1 [34.56762028]
2013 07 300 [34.93250518]
2013 07 700 [34.79203677]
2013 07 2000 [34.70641298]
2013 07 6000 [34.72184995]
2013 08 1 [34.5613903]
2013 08 300 [34.93241081]
2013 08 700 [34.79220453]
2013 08 2000 [34.70646748]
2013 08 6000 [34.72187559]
2013 09 1 [34.57343484]
2013 09 300 [34.93196253]
2013 09 700 [34.79223298]
2013 09 2000 [34.70649647]
2013 09 6000 [34.72189005]
2013 10 1 [34.59004188]
2013 10 300 [34.93161315]
2013 10 700 [34.79227726]
2013 10 2000 [34.70650628]
2013 10 6000 [34.72189325]
2013 11 1 [34.60894578]
2013 11 300 [34.93188998]
2013 11 700 [34.79259657]
2013 11 2000 [34.70660036]
2013 11 6000 [34.72193781]
2013 12 1 [34.61814233]
2013 12 300 [34.93232705]
2013 12 700 [34.79272225]
2013 12 2000 [34.70665768]
2013 12 6000 [34.72196586]
2014 01 1 [34.61923953]
2014 01 300 [34.93181826]
2014 01 700 [34.79239014]
2014 01 2000 [34.70665674]
2014 01 6000 [34.72196785]
2014 02 1 [34.6246032]
2014 02 300 [34.93260448]
2014 02 700 [34.79262837]
2014 02 2000 [34.70685539]
2014 02 6000 [34.72206649]
2014 03 1 [34.62541785]
2014 03 300 [34.93339018]
2014 03 700 [34.79294185]
2014 03 2000 [34.70701112]
2014 03 6000 [34.72214301]
2014 04 1 [34.63667647]
2014 04 300 [34.93402909]
2014 04 700 [34.79310864]
2014 04 2000 [34.70698059]
2014 04 6000 [34.7221301]
2014 05 1 [34.63083506]
2014 05 300 [34.93393962]
2014 05 700 [34.79296372]
2014 05 2000 [34.70688891]
2014 05 6000 [34.72206631]
2014 06 1 [34.59958685]
2014 06 300 [34.93344576]
2014 06 700 [34.79278934]
2014 06 2000 [34.70683484]
2014 06 6000 [34.72203597]
2014 07 1 [34.55586477]
2014 07 300 [34.93273661]
2014 07 700 [34.79268471]
2014 07 2000 [34.70673791]
2014 07 6000 [34.72198876]
2014 08 1 [34.54969096]
2014 08 300 [34.9318848]
2014 08 700 [34.79264517]
2014 08 2000 [34.70666145]
2014 08 6000 [34.72194882]
2014 09 1 [34.56049771]
2014 09 300 [34.93045933]
2014 09 700 [34.79221786]
2014 09 2000 [34.7064488]
2014 09 6000 [34.72184344]
2014 10 1 [34.57845894]
2014 10 300 [34.93058028]
2014 10 700 [34.79247028]
2014 10 2000 [34.70649058]
2014 10 6000 [34.72186197]
2014 11 1 [34.59731644]
2014 11 300 [34.93132991]
2014 11 700 [34.79271774]
2014 11 2000 [34.70658677]
2014 11 6000 [34.7219087]
2014 12 1 [34.6030706]
2014 12 300 [34.93003648]
2014 12 700 [34.79193833]
2014 12 2000 [34.70634559]
2014 12 6000 [34.72179332]
2015 01 1 [34.61664553]
2015 01 300 [34.93023135]
2015 01 700 [34.7918166]
2015 01 2000 [34.70641318]
2015 01 6000 [34.72182578]
2015 02 1 [34.62441504]
2015 02 300 [34.93119043]
2015 02 700 [34.79189702]
2015 02 2000 [34.70656987]
2015 02 6000 [34.72190582]
2015 03 1 [34.6359124]
2015 03 300 [34.93187558]
2015 03 700 [34.79195981]
2015 03 2000 [34.70663265]
2015 03 6000 [34.72193632]
2015 04 1 [34.64004818]
2015 04 300 [34.93324483]
2015 04 700 [34.79255348]
2015 04 2000 [34.70681693]
2015 04 6000 [34.72202992]
2015 05 1 [34.63444122]
2015 05 300 [34.93260676]
2015 05 700 [34.79242159]
2015 05 2000 [34.70673174]
2015 05 6000 [34.72198994]
2015 06 1 [34.60536648]
2015 06 300 [34.9320331]
2015 06 700 [34.79240928]
2015 06 2000 [34.70685281]
2015 06 6000 [34.72205285]
2015 07 1 [34.55014663]
2015 07 300 [34.93024195]
2015 07 700 [34.79180568]
2015 07 2000 [34.70676593]
2015 07 6000 [34.72201281]
2015 08 1 [34.54592755]
2015 08 300 [34.92956965]
2015 08 700 [34.79176838]
2015 08 2000 [34.70685545]
2015 08 6000 [34.72206315]
2015 09 1 [34.56924658]
2015 09 300 [34.92912059]
2015 09 700 [34.79177159]
2015 09 2000 [34.7069236]
2015 09 6000 [34.72210302]
2015 10 1 [34.58482691]
2015 10 300 [34.92809053]
2015 10 700 [34.79137452]
2015 10 2000 [34.70688146]
2015 10 6000 [34.72208851]
2015 11 1 [34.60118249]
2015 11 300 [34.92801412]
2015 11 700 [34.79143776]
2015 11 2000 [34.70699327]
2015 11 6000 [34.72214704]
2015 12 1 [34.61328486]
2015 12 300 [34.92817238]
2015 12 700 [34.79121578]
2015 12 2000 [34.70697656]
2015 12 6000 [34.72214481]
2016 01 1 [34.62721759]
2016 01 300 [34.92955195]
2016 01 700 [34.79156004]
2016 01 2000 [34.70727891]
2016 01 6000 [34.72229927]
2016 02 1 [34.6394065]
2016 02 300 [34.93063724]
2016 02 700 [34.79165559]
2016 02 2000 [34.70748132]
2016 02 6000 [34.7224039]
2016 03 1 [34.64452015]
2016 03 300 [34.93214348]
2016 03 700 [34.79203101]
2016 03 2000 [34.70772276]
2016 03 6000 [34.72252284]
2016 04 1 [34.6485007]
2016 04 300 [34.9330981]
2016 04 700 [34.7922446]
2016 04 2000 [34.7078932]
2016 04 6000 [34.72261016]
2016 05 1 [34.64401207]
2016 05 300 [34.93387773]
2016 05 700 [34.79256642]
2016 05 2000 [34.70806311]
2016 05 6000 [34.72269607]
2016 06 1 [34.60679151]
2016 06 300 [34.93369528]
2016 06 700 [34.79243006]
2016 06 2000 [34.70810132]
2016 06 6000 [34.72272103]
2016 07 1 [34.55955556]
2016 07 300 [34.93247927]
2016 07 700 [34.79198305]
2016 07 2000 [34.70800087]
2016 07 6000 [34.72267819]
2016 08 1 [34.56551597]
2016 08 300 [34.93214813]
2016 08 700 [34.79218159]
2016 08 2000 [34.70810547]
2016 08 6000 [34.72273232]
2016 09 1 [34.58324706]
2016 09 300 [34.93210567]
2016 09 700 [34.79249733]
2016 09 2000 [34.70824265]
2016 09 6000 [34.72280272]
2016 10 1 [34.59894866]
2016 10 300 [34.93223164]
2016 10 700 [34.79284106]
2016 10 2000 [34.70840721]
2016 10 6000 [34.72288378]
2016 11 1 [34.60716433]
2016 11 300 [34.93212467]
2016 11 700 [34.79281946]
2016 11 2000 [34.70844854]
2016 11 6000 [34.72290406]
2016 12 1 [34.61090978]
2016 12 300 [34.9322151]
2016 12 700 [34.79289104]
2016 12 2000 [34.70864748]
2016 12 6000 [34.72300299]
2017 01 1 [34.62461048]
2017 01 300 [34.93260368]
2017 01 700 [34.79304619]
2017 01 2000 [34.70891532]
2017 01 6000 [34.72313913]
2017 02 1 [34.63705653]
2017 02 300 [34.93365978]
2017 02 700 [34.79361958]
2017 02 2000 [34.70934857]
2017 02 6000 [34.72335714]
2017 03 1 [34.64714226]
2017 03 300 [34.9343538]
2017 03 700 [34.79406539]
2017 03 2000 [34.70967919]
2017 03 6000 [34.72352247]
2017 04 1 [34.64739894]
2017 04 300 [34.93484388]
2017 04 700 [34.79439665]
2017 04 2000 [34.70990513]
2017 04 6000 [34.72364097]
2017 05 1 [34.64492239]
2017 05 300 [34.93561382]
2017 05 700 [34.79469794]
2017 05 2000 [34.71010145]
2017 05 6000 [34.72375086]
2017 06 1 [34.62073888]
2017 06 300 [34.93565867]
2017 06 700 [34.79494814]
2017 06 2000 [34.71030208]
2017 06 6000 [34.7238602]
2017 07 1 [34.57472049]
2017 07 300 [34.93508719]
2017 07 700 [34.79499848]
2017 07 2000 [34.71044796]
2017 07 6000 [34.7239441]
2017 08 1 [34.5698041]
2017 08 300 [34.93542863]
2017 08 700 [34.79554446]
2017 08 2000 [34.7107436]
2017 08 6000 [34.72409641]
2017 09 1 [34.58416805]
2017 09 300 [34.9359549]
2017 09 700 [34.7959159]
2017 09 2000 [34.7109417]
2017 09 6000 [34.72420064]
2017 10 1 [34.60234819]
2017 10 300 [34.93631792]
2017 10 700 [34.79624927]
2017 10 2000 [34.71109997]
2017 10 6000 [34.72428369]
2017 11 1 [34.6167359]
2017 11 300 [34.93648455]
2017 11 700 [34.79631355]
2017 11 2000 [34.71123362]
2017 11 6000 [34.72435278]
2017 12 1 [34.61724178]
2017 12 300 [34.93651642]
2017 12 700 [34.79629316]
2017 12 2000 [34.71133133]
2017 12 6000 [34.72440774]
2018 01 1 [34.61996044]
2018 01 300 [34.93665979]
2018 01 700 [34.79629199]
2018 01 2000 [34.71150245]
2018 01 6000 [34.72450108]
2018 02 1 [34.6281735]
2018 02 300 [34.93766222]
2018 02 700 [34.79650361]
2018 02 2000 [34.71172363]
2018 02 6000 [34.72461624]
2018 03 1 [34.63265452]
2018 03 300 [34.93870611]
2018 03 700 [34.79684709]
2018 03 2000 [34.71177625]
2018 03 6000 [34.72464386]
2018 04 1 [34.63209629]
2018 04 300 [34.93874744]
2018 04 700 [34.79692262]
2018 04 2000 [34.71166072]
2018 04 6000 [34.72458893]
2018 05 1 [34.63401592]
2018 05 300 [34.93929981]
2018 05 700 [34.797284]
2018 05 2000 [34.71173931]
2018 05 6000 [34.72462965]
2018 06 1 [34.61029475]
2018 06 300 [34.93858346]
2018 06 700 [34.79699386]
2018 06 2000 [34.7115556]
2018 06 6000 [34.72454733]
2018 07 1 [34.57718743]
2018 07 300 [34.93744512]
2018 07 700 [34.79682462]
2018 07 2000 [34.71119456]
2018 07 6000 [34.72437147]
2018 08 1 [34.57067616]
2018 08 300 [34.93772499]
2018 08 700 [34.79741104]
2018 08 2000 [34.71145998]
2018 08 6000 [34.72453181]
2018 09 1 [34.57814653]
2018 09 300 [34.93730845]
2018 09 700 [34.79764809]
2018 09 2000 [34.71159759]
2018 09 6000 [34.72463059]
2018 10 1 [34.58987293]
2018 10 300 [34.93666213]
2018 10 700 [34.79776531]
2018 10 2000 [34.71165277]
2018 10 6000 [34.72468691]
2018 11 1 [34.60284468]
2018 11 300 [34.9367075]
2018 11 700 [34.79796091]
2018 11 2000 [34.71165223]
2018 11 6000 [34.72471247]
2018 12 1 [34.60717902]
2018 12 300 [34.93643996]
2018 12 700 [34.79779377]
2018 12 2000 [34.71151438]
2018 12 6000 [34.72466432]
cdo mergetime: Processed 480 values from 480 variables over 480 timesteps [27.39s 324MB]
cdo mergetime: Processed 480 values from 480 variables over 480 timesteps [22.63s 324MB]
cdo mergetime: Processed 480 values from 480 variables over 480 timesteps [20.03s 324MB]
cdo mergetime: Processed 480 values from 480 variables over 480 timesteps [21.01s 324MB]
cdo mergetime: Processed 480 values from 480 variables over 480 timesteps [19.58s 324MB]
